\BOOKMARK [0][-]{chapter*.1}{\376\377\144\130\211\201}{}% 1
\BOOKMARK [0][-]{Item.5}{\376\377\000A\000B\000S\000T\000R\000A\000C\000T}{}% 2
\BOOKMARK [0][-]{chapter*.2}{\376\377\136\217\000\050\123\357\220\011\000\051}{}% 3
\BOOKMARK [0][-]{chapter*.4}{\376\377\143\322\126\376\124\214\226\104\210\150\156\005\123\125\377\010\131\202\147\011\377\011}{}% 4
\BOOKMARK [0][-]{chapter*.5}{\376\377\173\046\123\367\156\005\123\125\377\010\131\202\147\011\377\011}{}% 5
\BOOKMARK [0][-]{chapter.1}{\376\377\137\025\212\000}{}% 6
\BOOKMARK [1][-]{section.1.1}{\376\377\170\024\172\166\200\314\146\157\123\312\141\017\116\111}{chapter.1}% 7
\BOOKMARK [1][-]{section.1.2}{\376\377\170\024\172\166\121\205\133\271\116\016\145\271\154\325}{chapter.1}% 8
\BOOKMARK [1][-]{section.1.3}{\376\377\213\272\145\207\176\304\176\307\176\323\147\204}{chapter.1}% 9
\BOOKMARK [0][-]{chapter.2}{\376\377\145\207\163\056\176\374\217\360}{}% 10
\BOOKMARK [1][-]{section.2.1}{\376\377\126\376\120\317\215\050\221\317\143\320\123\107\173\227\154\325\151\202\217\360}{chapter.2}% 11
\BOOKMARK [2][-]{subsection.2.1.1}{\376\377\117\040\176\337\145\271\154\325}{section.2.1}% 12
\BOOKMARK [2][-]{subsection.2.1.2}{\376\377\155\361\136\246\133\146\116\140\145\271\154\325}{section.2.1}% 13
\BOOKMARK [2][-]{subsection.2.1.3}{\376\377\227\136\221\115\133\371\126\376\120\317\215\050\221\317\143\320\123\107\145\271\154\325}{section.2.1}% 14
\BOOKMARK [1][-]{section.2.2}{\376\377\126\376\120\317\122\006\122\162\173\227\154\325\151\202\217\360}{chapter.2}% 15
\BOOKMARK [1][-]{section.2.3}{\376\377\170\024\172\166\122\033\145\260\160\271}{chapter.2}% 16
\BOOKMARK [1][-]{section.2.4}{\376\377\213\272\145\207\176\304\176\307\176\323\147\204}{chapter.2}% 17
\BOOKMARK [0][-]{chapter.3}{\376\377\127\372\116\216\176\323\147\204\117\335\143\001\166\204\227\136\221\115\133\371\000H\000R\000T\000E\000M\126\376\120\317\215\050\221\317\143\320\123\107\145\271\154\325}{}% 18
\BOOKMARK [1][-]{section.3.1}{\376\377\227\136\221\115\133\371\000H\000R\000T\000E\000M\126\376\120\317\215\050\221\317\143\320\123\107\377\010\133\236\232\214\126\376\120\317\377\011}{chapter.3}% 19
\BOOKMARK [1][-]{section.3.2}{\376\377\127\372\116\216\176\323\147\204\117\335\143\001\166\204\145\071\217\333\137\252\163\257\137\017\165\037\142\020\177\121\176\334}{chapter.3}% 20
\BOOKMARK [2][-]{subsection.3.2.1}{\376\377\172\172\225\364\230\221\127\337\200\124\124\010\162\171\137\201\143\320\123\326\166\204\165\037\142\020\177\121\176\334\213\276\213\241}{section.3.2}% 21
\BOOKMARK [2][-]{subsection.3.2.2}{\376\377\127\372\116\216\201\352\154\350\141\017\122\233\147\072\122\066\166\204\121\150\134\100\123\237\133\120\176\323\147\204\116\000\201\364\140\047\136\372\152\041}{section.3.2}% 22
\BOOKMARK [2][-]{subsection.3.2.3}{\376\377\127\372\116\216\162\171\137\201\121\375\145\160\116\016\230\221\127\337\116\000\201\364\140\047\166\204\176\323\147\204\117\335\143\001\176\246\147\137\213\276\213\241}{section.3.2}% 23
\BOOKMARK [1][-]{section.3.3}{\376\377\173\227\154\325\140\047\200\375\232\214\213\301\116\016\133\236\232\214\176\323\147\234\122\006\147\220}{chapter.3}% 24
\BOOKMARK [2][-]{subsection.3.3.1}{\376\377\133\236\232\214\145\160\143\156\377\010\145\160\143\156\226\306\116\313\176\315\377\011}{section.3.3}% 25
\BOOKMARK [2][-]{subsection.3.3.2}{\376\377\133\236\232\214\213\276\177\156\116\016\213\304\116\367\143\007\150\007}{section.3.3}% 26
\BOOKMARK [2][-]{subsection.3.3.3}{\376\377\133\236\232\214\176\323\147\234\116\016\122\006\147\220\377\010\133\232\140\047\060\001\133\232\221\317\377\011}{section.3.3}% 27
\BOOKMARK [1][-]{section.3.4}{\376\377\147\054\172\340\134\017\176\323}{chapter.3}% 28
\BOOKMARK [0][-]{chapter.4}{\376\377\145\207\163\056\176\374\217\360}{}% 29
\BOOKMARK [1][-]{section.4.1}{\376\377\126\376\120\317\215\050\221\317\143\320\123\107\173\227\154\325\151\202\217\360}{chapter.4}% 30
\BOOKMARK [2][-]{subsection.4.1.1}{\376\377\117\040\176\337\145\271\154\325}{section.4.1}% 31
\BOOKMARK [1][-]{section.4.2}{\376\377\213\272\145\207\176\304\176\307\176\323\147\204}{chapter.4}% 32
\BOOKMARK [0][-]{chapter.5}{\376\377\232\330\122\006\217\250\000T\000E\000M\126\376\120\317\201\352\122\250\210\150\137\201\174\373\176\337}{}% 33
\BOOKMARK [1][-]{section.5.1}{\376\377\227\000\154\102\122\006\147\220\116\016\174\373\176\337\122\237\200\375\213\276\213\241}{chapter.5}% 34
\BOOKMARK [2][-]{subsection.5.1.1}{\376\377\201\352\122\250\123\026\123\237\133\120\117\115\177\156\213\306\122\053\116\016\131\004\164\006\152\041\127\127}{section.5.1}% 35
\BOOKMARK [2][-]{subsection.5.1.2}{\376\377\123\237\133\120\176\306\174\222\136\246\117\341\140\157\122\250\140\001\143\320\123\326\152\041\127\127}{section.5.1}% 36
\BOOKMARK [1][-]{section.5.2}{\376\377\140\073\117\123\147\266\147\204\213\276\213\241}{chapter.5}% 37
\BOOKMARK [1][-]{section.5.3}{\376\377\213\346\176\306\213\276\213\241\116\016\133\236\163\260}{chapter.5}% 38
\BOOKMARK [2][-]{subsection.5.3.1}{\376\377\174\373\176\337\142\200\147\057\220\011\127\213}{section.5.3}% 39
\BOOKMARK [2][-]{subsection.5.3.2}{\376\377\201\352\122\250\123\026\123\237\133\120\117\115\177\156\213\306\122\053\116\016\131\004\164\006\152\041\127\127\133\236\163\260}{section.5.3}% 40
\BOOKMARK [2][-]{subsection.5.3.3}{\376\377\123\237\133\120\176\306\174\222\136\246\117\341\140\157\122\250\140\001\143\320\123\326\152\041\127\127\133\236\163\260}{section.5.3}% 41
\BOOKMARK [1][-]{section.5.4}{\376\377\147\054\172\340\134\017\176\323}{chapter.5}% 42
\BOOKMARK [0][-]{chapter*.9}{\376\377\123\302\200\003\145\207\163\056}{}% 43
\BOOKMARK [0][-]{appendix.A}{\376\377\123\125\117\115}{}% 44
\BOOKMARK [0][-]{appendix*.13}{\376\377\201\364\214\042}{}% 45
\BOOKMARK [0][-]{appendix*.14}{\376\377\117\134\200\005\173\200\123\206\123\312\127\050\133\146\170\024\172\166\142\020\147\234}{}% 46
\BOOKMARK [0][-]{appendix*.15}{\376\377\162\354\122\033\140\047\213\364\146\016}{}% 47
\BOOKMARK [0][-]{appendix*.16}{\376\377\121\163\116\216\213\272\145\207\117\177\165\050\143\210\147\103\166\204\213\364\146\016}{}% 48
\BOOKMARK [0][-]{appendix*.17}{\376\377\133\146\117\115\213\272\145\207\145\160\143\156\226\306}{}% 49
